2022-01-27 16:15:01,596 INFO     Opened weight page
2022-01-27 16:15:01,613 INFO     Opened height page
2022-01-27 16:15:01,649 INFO     Opened head circumference page
2022-01-27 16:15:01,670 INFO     Opened feeding page
2022-01-27 16:15:02,645 INFO     Opened feeding page
2022-01-27 16:16:31,991 INFO     Ran head update function
2022-01-27 16:16:42,153 INFO     Opened weight page
2022-01-27 16:16:42,187 INFO     Opened height page
2022-01-27 16:16:42,209 INFO     Opened head circumference page
2022-01-27 16:16:42,233 INFO     Opened feeding page
2022-01-27 16:16:43,333 INFO     Opened feeding page
2022-01-27 16:16:53,221 INFO     Reset function
2022-01-27 16:16:55,940 INFO     Opened weight page
2022-01-27 16:16:55,965 INFO     Opened height page
2022-01-27 16:16:55,987 INFO     Opened head circumference page
2022-01-27 16:16:56,014 INFO     Opened feeding page
2022-01-27 16:16:57,004 INFO     Opened feeding page
2022-01-27 08:17:30,346 INFO     Started server process [8]
2022-01-27 08:17:30,347 INFO     Waiting for application startup.
2022-01-27 08:17:30,348 INFO     Application startup complete.
2022-01-27 08:20:35,539 INFO     Shutting down
2022-01-27 08:20:35,640 INFO     Waiting for application shutdown.
2022-01-27 08:20:35,641 INFO     Application shutdown complete.
2022-01-27 08:20:35,641 INFO     Finished server process [8]
2022-01-27 08:22:24,831 INFO     Started server process [8]
2022-01-27 08:22:24,831 INFO     Waiting for application startup.
2022-01-27 08:22:24,833 INFO     Application startup complete.
2022-01-27 16:22:49,775 INFO     Opened weight page
2022-01-27 16:22:49,816 INFO     Opened height page
2022-01-27 16:22:49,848 INFO     Opened head circumference page
2022-01-27 16:22:49,876 INFO     Opened feeding page
2022-01-27 16:22:51,480 INFO     Opened feeding page
2022-01-27 16:23:05,411 INFO     Ran head update function
2022-01-27 16:23:07,067 INFO     Opened weight page
2022-01-27 16:23:07,100 INFO     Opened height page
2022-01-27 16:23:07,124 INFO     Opened head circumference page
2022-01-27 16:23:07,151 INFO     Opened feeding page
2022-01-27 16:23:08,654 INFO     Opened feeding page
2022-01-27 08:29:41,856 INFO     Shutting down
2022-01-27 08:29:41,957 INFO     Waiting for application shutdown.
2022-01-27 08:29:41,958 INFO     Application shutdown complete.
2022-01-27 08:29:41,959 INFO     Finished server process [8]
2022-01-27 08:29:58,073 INFO     Started server process [9]
2022-01-27 08:29:58,074 INFO     Waiting for application startup.
2022-01-27 08:29:58,075 INFO     Application startup complete.
2022-01-27 08:30:22,706 INFO     Opened weight page
2022-01-27 08:30:22,746 INFO     Opened height page
2022-01-27 08:30:22,782 INFO     Opened head circumference page
2022-01-27 08:30:22,823 INFO     Opened feeding page
2022-01-27 08:30:24,706 INFO     Opened feeding page
2022-01-27 08:30:40,624 INFO     Shutting down
2022-01-27 08:30:40,725 INFO     Waiting for application shutdown.
2022-01-27 08:30:40,726 INFO     Application shutdown complete.
2022-01-27 08:30:40,726 INFO     Finished server process [9]
2022-01-27 08:30:59,024 INFO     Started server process [9]
2022-01-27 08:30:59,025 INFO     Waiting for application startup.
2022-01-27 08:30:59,026 INFO     Application startup complete.
2022-01-27 08:31:05,623 INFO     Opened weight page
2022-01-27 08:31:05,661 INFO     Opened height page
2022-01-27 08:31:05,712 INFO     Opened head circumference page
2022-01-27 08:31:05,747 INFO     Opened feeding page
2022-01-27 08:31:07,931 INFO     Opened feeding page
2022-01-27 08:31:13,210 INFO     Shutting down
2022-01-27 08:31:13,311 INFO     Waiting for application shutdown.
2022-01-27 08:31:13,329 INFO     Application shutdown complete.
2022-01-27 08:31:13,330 INFO     Finished server process [9]
2022-01-27 08:33:05,375 INFO     Started server process [8]
2022-01-27 08:33:05,375 INFO     Waiting for application startup.
2022-01-27 08:33:05,376 INFO     Application startup complete.
2022-01-27 08:33:18,426 INFO     Opened weight page
2022-01-27 08:33:18,469 INFO     Opened height page
2022-01-27 08:33:18,513 INFO     Opened head circumference page
2022-01-27 08:33:18,548 INFO     Opened feeding page
2022-01-27 08:33:20,538 INFO     Opened feeding page
2022-01-27 08:33:29,095 INFO     Shutting down
2022-01-27 08:33:29,196 INFO     Waiting for application shutdown.
2022-01-27 08:33:29,197 INFO     Application shutdown complete.
2022-01-27 08:33:29,198 INFO     Finished server process [8]
2022-01-27 16:33:57,418 INFO     Started server process [21124]
2022-01-27 16:33:57,419 INFO     Waiting for application startup.
2022-01-27 16:33:57,420 INFO     Application startup complete.
2022-01-27 16:34:44,202 INFO     Opened weight page
2022-01-27 16:36:01,744 INFO     Opened weight page
2022-01-27 16:36:05,654 INFO     Opened head circumference page
2022-01-27 16:36:49,596 INFO     Opened weight page
2022-01-27 16:36:56,249 INFO     Opened weight page
2022-01-27 16:36:56,276 INFO     Opened height page
2022-01-27 16:36:56,283 INFO     Opened head circumference page
2022-01-27 16:36:56,315 INFO     Opened feeding page
2022-01-27 16:36:57,335 INFO     Opened feeding page
2022-01-27 16:39:27,411 INFO     Opened weight page
2022-01-27 16:39:27,438 INFO     Opened height page
2022-01-27 16:39:27,458 INFO     Opened head circumference page
2022-01-27 16:39:27,475 INFO     Opened feeding page
2022-01-27 16:39:28,554 INFO     Opened feeding page
2022-01-27 16:39:39,614 INFO     Opened weight page
2022-01-27 16:39:39,639 INFO     Opened height page
2022-01-27 16:39:39,658 INFO     Opened head circumference page
2022-01-27 16:39:39,679 INFO     Opened feeding page
2022-01-27 16:39:40,617 INFO     Opened feeding page
2022-01-27 16:41:29,191 INFO     Opened weight page
2022-01-27 16:41:29,206 INFO     Opened height page
2022-01-27 16:41:29,241 INFO     Opened head circumference page
2022-01-27 16:41:29,262 INFO     Opened feeding page
2022-01-27 16:41:30,272 INFO     Opened feeding page
2022-01-27 16:45:46,362 INFO     Opened weight page
2022-01-27 16:45:46,385 INFO     Opened height page
2022-01-27 16:45:46,407 INFO     Opened head circumference page
2022-01-27 16:45:46,426 INFO     Opened feeding page
2022-01-27 16:45:47,531 INFO     Opened feeding page
2022-01-27 16:49:33,355 INFO     Opened weight page
2022-01-27 16:49:33,381 INFO     Opened height page
2022-01-27 16:49:33,400 INFO     Opened head circumference page
2022-01-27 16:49:33,420 INFO     Opened feeding page
2022-01-27 16:49:57,720 INFO     Opened weight page
2022-01-27 16:49:57,742 INFO     Opened height page
2022-01-27 16:49:57,761 INFO     Opened head circumference page
2022-01-27 16:49:57,781 INFO     Opened feeding page
2022-01-27 16:50:12,900 INFO     Opened weight page
2022-01-27 16:50:12,921 INFO     Opened height page
2022-01-27 16:50:12,940 INFO     Opened head circumference page
2022-01-27 16:50:12,961 INFO     Opened feeding page
2022-01-27 16:50:14,013 INFO     Opened feeding page
2022-01-27 16:50:28,878 INFO     Opened weight page
2022-01-27 16:50:28,902 INFO     Opened height page
2022-01-27 16:50:28,917 INFO     Opened head circumference page
2022-01-27 16:50:28,942 INFO     Opened feeding page
2022-01-27 16:50:29,911 INFO     Opened feeding page
2022-01-27 16:50:39,339 INFO     Opened weight page
2022-01-27 16:50:39,363 INFO     Opened height page
2022-01-27 16:50:39,386 INFO     Opened head circumference page
2022-01-27 16:50:39,410 INFO     Opened feeding page
2022-01-27 16:50:40,406 INFO     Opened feeding page
2022-01-27 16:51:36,496 INFO     Shutting down
2022-01-28 16:28:46,192 INFO     Started server process [33688]
2022-01-28 16:28:46,192 INFO     Waiting for application startup.
2022-01-28 16:28:46,193 INFO     Application startup complete.
2022-01-28 16:28:58,953 INFO     Opened weight page
2022-01-28 16:28:58,983 INFO     Opened height page
2022-01-28 16:28:59,010 INFO     Opened head circumference page
2022-01-28 16:28:59,030 INFO     Opened feeding page
2022-01-28 16:29:00,173 INFO     Opened feeding page
2022-01-28 16:29:07,850 INFO     Reset function
2022-01-28 16:29:16,683 INFO     Opened weight page
2022-01-28 16:29:16,710 INFO     Opened height page
2022-01-28 16:29:16,731 INFO     Opened head circumference page
2022-01-28 16:29:16,752 INFO     Opened feeding page
2022-01-28 16:29:17,693 INFO     Opened feeding page
2022-01-28 16:31:52,472 INFO     Opened weight page
2022-01-28 16:31:52,506 INFO     Opened height page
2022-01-28 16:31:52,525 INFO     Opened head circumference page
2022-01-28 16:31:52,547 INFO     Opened feeding page
2022-01-28 16:31:53,573 INFO     Opened feeding page
2022-01-28 16:39:40,266 INFO     Shutting down
2022-01-28 16:39:40,372 INFO     Waiting for application shutdown.
2022-01-28 16:39:40,372 INFO     Application shutdown complete.
2022-01-28 16:39:40,376 INFO     Finished server process [33688]
2022-01-28 16:49:31,030 INFO     Started server process [31456]
2022-01-28 16:49:31,032 INFO     Waiting for application startup.
2022-01-28 16:49:31,033 INFO     Application startup complete.
2022-01-28 16:50:56,705 INFO     Opened weight page
2022-01-28 16:51:05,777 INFO     Opened weight page
2022-01-28 16:51:05,804 INFO     Opened height page
2022-01-28 16:51:05,826 INFO     Opened head circumference page
2022-01-28 16:51:05,845 INFO     Opened feeding page
2022-01-28 16:51:06,820 INFO     Opened feeding page
2022-01-28 16:51:22,318 INFO     Ran head update function
2022-01-28 16:51:25,650 INFO     Opened weight page
2022-01-28 16:51:25,676 INFO     Opened height page
2022-01-28 16:51:25,696 INFO     Opened head circumference page
2022-01-28 16:51:25,720 INFO     Opened feeding page
2022-01-28 16:51:26,695 INFO     Opened feeding page
2022-01-28 16:51:33,635 INFO     Reset function
2022-01-28 16:51:37,044 INFO     Opened weight page
2022-01-28 16:51:37,073 INFO     Opened height page
2022-01-28 16:51:37,093 INFO     Opened head circumference page
2022-01-28 16:51:37,115 INFO     Opened feeding page
2022-01-28 16:51:38,100 INFO     Opened feeding page
2022-01-28 16:51:44,512 INFO     Shutting down
2022-01-28 16:51:44,623 INFO     Waiting for application shutdown.
2022-01-28 16:51:44,623 INFO     Application shutdown complete.
2022-01-28 16:51:44,624 INFO     Finished server process [31456]
2022-01-28 16:51:59,426 INFO     Started server process [30516]
2022-01-28 16:51:59,427 INFO     Waiting for application startup.
2022-01-28 16:51:59,428 INFO     Application startup complete.
2022-01-29 08:00:12,228 INFO     Opened weight page
2022-01-29 08:00:12,275 INFO     Opened height page
2022-01-29 08:00:12,290 INFO     Opened head circumference page
2022-01-29 08:00:12,315 INFO     Opened feeding page
2022-01-29 08:00:13,379 INFO     Opened feeding page
2022-01-29 08:42:25,566 INFO     Opened weight page
2022-01-29 08:42:25,598 INFO     Opened height page
2022-01-29 08:42:25,619 INFO     Opened head circumference page
2022-01-29 08:42:25,639 INFO     Opened feeding page
2022-01-29 08:42:26,686 INFO     Opened feeding page
2022-01-29 10:04:52,225 INFO     Started server process [14436]
2022-01-29 10:04:52,226 INFO     Waiting for application startup.
2022-01-29 10:04:52,227 INFO     Application startup complete.
